TN:
SF:/Users/mostrander/dev/540/epa-rfi/src/app/services/services.module.js
FN:1,(anonymous_1)
FNF:1
FNH:1
FNDA:1,(anonymous_1)
DA:1,1
DA:4,1
LF:2
LH:2
BRF:0
BRH:0
end_of_record
TN:
SF:/Users/mostrander/dev/540/epa-rfi/src/app/services/reports.service.js
FN:1,(anonymous_1)
FN:11,ReportService
FN:21,getYearlyAirPollutionReport
FN:32,(anonymous_4)
FN:46,getStateAirPollutionReport
FN:56,(anonymous_6)
FN:63,getStateList
FN:70,(anonymous_8)
FN:78,roundNumber
FN:82,mergeReportData
FN:113,buildQueryParams
FN:140,(anonymous_12)
FN:159,calculateReportTotals
FN:164,(anonymous_14)
FN:170,(anonymous_15)
FN:183,(anonymous_16)
FN:216,extractStateList
FN:219,(anonymous_18)
FNF:18
FNH:12
FNDA:1,(anonymous_1)
FNDA:6,ReportService
FNDA:6,getYearlyAirPollutionReport
FNDA:1,(anonymous_4)
FNDA:0,getStateAirPollutionReport
FNDA:0,(anonymous_6)
FNDA:0,getStateList
FNDA:0,(anonymous_8)
FNDA:4,roundNumber
FNDA:1,mergeReportData
FNDA:12,buildQueryParams
FNDA:48,(anonymous_12)
FNDA:1,calculateReportTotals
FNDA:5,(anonymous_14)
FNDA:8,(anonymous_15)
FNDA:5,(anonymous_16)
FNDA:0,extractStateList
FNDA:0,(anonymous_18)
DA:1,1
DA:4,1
DA:8,1
DA:11,1
DA:13,6
DA:19,6
DA:21,1
DA:22,6
DA:23,0
DA:26,6
DA:29,6
DA:33,1
DA:38,1
DA:40,1
DA:42,1
DA:46,1
DA:47,0
DA:48,0
DA:51,0
DA:52,0
DA:53,0
DA:54,0
DA:56,0
DA:57,0
DA:59,0
DA:63,1
DA:65,0
DA:66,0
DA:67,0
DA:68,0
DA:70,0
DA:71,0
DA:73,0
DA:78,1
DA:79,4
DA:82,1
DA:83,1
DA:86,1
DA:87,2
DA:90,2
DA:94,2
DA:95,2
DA:96,6
DA:97,1
DA:98,1
DA:99,1
DA:100,1
DA:104,2
DA:105,1
DA:109,1
DA:113,1
DA:114,12
DA:124,12
DA:125,8
DA:126,8
DA:127,6
DA:129,2
DA:132,8
DA:133,6
DA:135,2
DA:137,8
DA:140,12
DA:141,48
DA:142,4
DA:146,12
DA:148,12
DA:149,12
DA:152,12
DA:153,12
DA:154,12
DA:156,12
DA:159,1
DA:161,1
DA:162,1
DA:164,1
DA:165,5
DA:166,5
DA:170,1
DA:171,8
DA:175,1
DA:178,1
DA:179,1
DA:180,1
DA:181,1
DA:183,1
DA:184,5
DA:186,5
DA:187,5
DA:188,5
DA:189,5
DA:193,1
DA:196,1
DA:198,1
DA:209,0
DA:213,1
DA:216,1
DA:217,0
DA:219,0
DA:220,0
DA:223,0
DA:225,0
LF:101
LH:78
BRDA:22,1,0,0
BRDA:22,1,1,6
BRDA:47,2,0,0
BRDA:47,2,1,0
BRDA:96,3,0,1
BRDA:96,3,1,5
BRDA:104,4,0,1
BRDA:104,4,1,1
BRDA:124,5,0,8
BRDA:124,5,1,4
BRDA:124,6,0,12
BRDA:124,6,1,6
BRDA:126,7,0,6
BRDA:126,7,1,2
BRDA:132,8,0,6
BRDA:132,8,1,2
BRDA:141,9,0,4
BRDA:141,9,1,44
BRDA:146,10,0,6
BRDA:146,10,1,6
BRDA:148,11,0,12
BRDA:148,11,1,0
BRDA:162,12,0,1
BRDA:162,12,1,0
BRF:24
BRH:19
end_of_record
TN:
SF:/Users/mostrander/dev/540/epa-rfi/src/app/services/data.service.js
FN:1,(anonymous_1)
FN:11,DataService
FNF:2
FNH:2
FNDA:1,(anonymous_1)
FNDA:12,DataService
DA:1,1
DA:4,1
DA:8,1
DA:11,1
DA:12,12
DA:45,12
LF:6
LH:6
BRF:0
BRH:0
end_of_record
TN:
SF:/Users/mostrander/dev/540/epa-rfi/src/app/facility/facility.module.js
FN:1,(anonymous_1)
FNF:1
FNH:1
FNDA:1,(anonymous_1)
DA:1,1
DA:4,1
LF:2
LH:2
BRF:0
BRH:0
end_of_record
TN:
SF:/Users/mostrander/dev/540/epa-rfi/src/app/facility/facilityList.controller.js
FN:1,(anonymous_1)
FN:6,(anonymous_2)
FN:15,FacilityListController
FN:30,(anonymous_4)
FN:34,(anonymous_5)
FN:41,(anonymous_6)
FN:49,loadFacilities
FN:50,(anonymous_8)
FN:55,(anonymous_9)
FN:60,fitBoundsToFacilities
FN:67,(anonymous_11)
FN:73,getFacilities
FN:81,(anonymous_13)
FN:94,(anonymous_14)
FNF:14
FNH:11
FNDA:1,(anonymous_1)
FNDA:0,(anonymous_2)
FNDA:4,FacilityListController
FNDA:4,(anonymous_4)
FNDA:1,(anonymous_5)
FNDA:0,(anonymous_6)
FNDA:5,loadFacilities
FNDA:5,(anonymous_8)
FNDA:0,(anonymous_9)
FNDA:5,fitBoundsToFacilities
FNDA:5,(anonymous_11)
FNDA:5,getFacilities
FNDA:4,(anonymous_13)
FNDA:5,(anonymous_14)
DA:1,1
DA:4,1
DA:7,0
DA:11,1
DA:15,1
DA:16,4
DA:20,4
DA:26,4
DA:28,4
DA:30,4
DA:31,4
DA:34,4
DA:35,1
DA:36,1
DA:38,1
DA:41,4
DA:42,0
DA:44,0
DA:47,4
DA:49,1
DA:50,5
DA:51,5
DA:52,5
DA:54,5
DA:56,0
DA:60,1
DA:61,5
DA:62,5
DA:63,10
DA:64,10
DA:67,5
DA:68,5
DA:69,5
DA:73,1
DA:74,5
DA:81,5
DA:82,4
DA:83,4
DA:87,5
DA:88,4
DA:91,5
DA:92,5
DA:94,5
DA:95,5
LF:44
LH:40
BRDA:82,1,0,4
BRDA:82,1,1,0
BRDA:87,2,0,4
BRDA:87,2,1,1
BRF:4
BRH:3
end_of_record
TN:
SF:/Users/mostrander/dev/540/epa-rfi/src/app/facility/facility.route.js
FN:1,(anonymous_1)
FN:9,routerConfig
FNF:2
FNH:2
FNDA:1,(anonymous_1)
FNDA:6,routerConfig
DA:1,1
DA:4,1
DA:9,1
DA:10,6
DA:18,6
DA:26,6
LF:6
LH:6
BRF:0
BRH:0
end_of_record
TN:
SF:/Users/mostrander/dev/540/epa-rfi/src/app/facility/facility.controller.js
FN:1,(anonymous_1)
FN:12,FacilityController
FN:17,activate
FN:21,(anonymous_4)
FN:27,(anonymous_5)
FN:43,(anonymous_6)
FN:49,(anonymous_7)
FN:55,getFacility
FN:57,(anonymous_9)
FN:62,getReports
FN:65,(anonymous_11)
FN:70,errorHandler
FNF:12
FNH:9
FNDA:1,(anonymous_1)
FNDA:2,FacilityController
FNDA:2,activate
FNDA:2,(anonymous_4)
FNDA:2,(anonymous_5)
FNDA:0,(anonymous_6)
FNDA:0,(anonymous_7)
FNDA:2,getFacility
FNDA:2,(anonymous_9)
FNDA:2,getReports
FNDA:2,(anonymous_11)
FNDA:0,errorHandler
DA:1,1
DA:4,1
DA:8,1
DA:12,1
DA:13,2
DA:15,2
DA:17,1
DA:18,2
DA:19,2
DA:21,2
DA:22,2
DA:25,2
DA:27,2
DA:28,2
DA:29,2
DA:30,2
DA:31,2
DA:34,2
DA:43,2
DA:44,0
DA:45,0
DA:46,0
DA:47,0
DA:49,0
DA:50,0
DA:51,0
DA:55,1
DA:57,2
DA:58,2
DA:62,1
DA:63,2
DA:65,2
DA:66,2
DA:70,1
DA:71,0
DA:72,0
LF:36
LH:27
BRF:0
BRH:0
end_of_record
TN:
SF:/Users/mostrander/dev/540/epa-rfi/src/app/dashboard/dashboard.module.js
FN:1,(anonymous_1)
FNF:1
FNH:1
FNDA:1,(anonymous_1)
DA:1,1
DA:4,1
LF:2
LH:2
BRF:0
BRH:0
end_of_record
TN:
SF:/Users/mostrander/dev/540/epa-rfi/src/app/dashboard/dashboard.route.js
FN:1,(anonymous_1)
FN:9,routerConfig
FNF:2
FNH:1
FNDA:1,(anonymous_1)
FNDA:0,routerConfig
DA:1,1
DA:4,1
DA:9,1
DA:10,0
DA:18,0
LF:5
LH:3
BRF:0
BRH:0
end_of_record
TN:
SF:/Users/mostrander/dev/540/epa-rfi/src/app/dashboard/dashboard.controller.js
FN:1,(anonymous_1)
FN:7,(anonymous_2)
FN:8,(anonymous_3)
FN:18,DashboardController
FN:23,activate
FN:27,initDashboard
FN:28,(anonymous_7)
FN:46,setDropdownValues
FN:48,(anonymous_9)
FN:53,buildChart
FN:63,populateLabels
FN:68,populateSeries
FN:73,populateData
FN:88,errorHandler
FN:93,(anonymous_15)
FN:101,(anonymous_16)
FN:120,(anonymous_17)
FN:126,(anonymous_18)
FNF:18
FNH:1
FNDA:1,(anonymous_1)
FNDA:0,(anonymous_2)
FNDA:0,(anonymous_3)
FNDA:0,DashboardController
FNDA:0,activate
FNDA:0,initDashboard
FNDA:0,(anonymous_7)
FNDA:0,setDropdownValues
FNDA:0,(anonymous_9)
FNDA:0,buildChart
FNDA:0,populateLabels
FNDA:0,populateSeries
FNDA:0,populateData
FNDA:0,errorHandler
FNDA:0,(anonymous_15)
FNDA:0,(anonymous_16)
FNDA:0,(anonymous_17)
FNDA:0,(anonymous_18)
DA:1,1
DA:4,1
DA:8,0
DA:9,0
DA:10,0
DA:16,1
DA:18,1
DA:19,0
DA:21,0
DA:23,1
DA:24,0
DA:27,1
DA:28,0
DA:29,0
DA:30,0
DA:33,0
DA:34,0
DA:35,0
DA:36,0
DA:39,0
DA:40,0
DA:42,0
DA:46,1
DA:47,0
DA:49,0
DA:53,1
DA:54,0
DA:55,0
DA:56,0
DA:57,0
DA:63,1
DA:64,0
DA:65,0
DA:68,1
DA:69,0
DA:70,0
DA:73,1
DA:74,0
DA:76,0
DA:77,0
DA:78,0
DA:80,0
DA:81,0
DA:82,0
DA:84,0
DA:88,1
DA:89,0
DA:90,0
DA:93,0
DA:94,0
DA:95,0
DA:96,0
DA:101,0
DA:102,0
DA:104,0
DA:106,0
DA:107,0
DA:108,0
DA:110,0
DA:111,0
DA:113,0
DA:115,0
DA:120,0
DA:121,0
DA:123,0
DA:126,0
DA:128,0
DA:129,0
DA:131,0
DA:132,0
DA:133,0
DA:135,0
DA:137,0
LF:73
LH:12
BRDA:9,1,0,0
BRDA:9,1,1,0
BRDA:95,2,0,0
BRDA:95,2,1,0
BRDA:102,3,0,0
BRDA:102,3,1,0
BRF:6
BRH:0
end_of_record
TN:
SF:/Users/mostrander/dev/540/epa-rfi/src/app/core/core.module.js
FN:1,(anonymous_1)
FNF:1
FNH:1
FNDA:1,(anonymous_1)
DA:1,1
DA:4,1
LF:2
LH:2
BRF:0
BRH:0
end_of_record
TN:
SF:/Users/mostrander/dev/540/epa-rfi/src/app/core/logger.factory.js
FN:1,(anonymous_1)
FN:10,logger
FN:19,error
FNF:3
FNH:2
FNDA:1,(anonymous_1)
FNDA:2,logger
FNDA:0,error
DA:1,1
DA:4,1
DA:8,1
DA:10,1
DA:11,2
DA:17,2
DA:19,1
DA:20,0
DA:21,0
LF:9
LH:7
BRF:0
BRH:0
end_of_record
TN:
SF:/Users/mostrander/dev/540/epa-rfi/src/app/core/core.route.js
FN:1,(anonymous_1)
FN:9,routerConfig
FNF:2
FNH:2
FNDA:1,(anonymous_1)
FNDA:6,routerConfig
DA:1,1
DA:4,1
DA:9,1
DA:10,6
DA:17,6
LF:5
LH:5
BRF:0
BRH:0
end_of_record
TN:
SF:/Users/mostrander/dev/540/epa-rfi/src/app/app.module.js
FN:1,(anonymous_1)
FNF:1
FNH:1
FNDA:1,(anonymous_1)
DA:1,1
DA:4,1
LF:2
LH:2
BRF:0
BRH:0
end_of_record
TN:
SF:/Users/mostrander/dev/540/epa-rfi/src/app/app.config.js
FN:1,(anonymous_1)
FN:7,(anonymous_2)
FN:9,(anonymous_3)
FNF:3
FNH:1
FNDA:1,(anonymous_1)
FNDA:0,(anonymous_2)
FNDA:0,(anonymous_3)
DA:1,1
DA:4,1
DA:8,0
DA:10,0
LF:4
LH:2
BRF:0
BRH:0
end_of_record
TN:
SF:/Users/mostrander/dev/540/epa-rfi/src/app/about/about.route.js
FN:1,(anonymous_1)
FN:9,routerConfig
FNF:2
FNH:1
FNDA:1,(anonymous_1)
FNDA:0,routerConfig
DA:1,1
DA:4,1
DA:9,1
DA:10,0
DA:16,0
LF:5
LH:3
BRF:0
BRH:0
end_of_record
TN:
SF:/Users/mostrander/dev/540/epa-rfi/src/app/layout/layout.module.js
FN:1,(anonymous_1)
FNF:1
FNH:1
FNDA:1,(anonymous_1)
DA:1,1
DA:4,1
LF:2
LH:2
BRF:0
BRH:0
end_of_record
TN:
SF:/Users/mostrander/dev/540/epa-rfi/src/app/about/about.module.js
FN:1,(anonymous_1)
FNF:1
FNH:1
FNDA:1,(anonymous_1)
DA:1,1
DA:4,1
LF:2
LH:2
BRF:0
BRH:0
end_of_record
